Flow report for PWM_LED
Fri Nov 15 04:58:57 2024
Quartus Prime Version 23.1std.1 Build 993 05/14/2024 SC Lite Edition


---------------------
; Table of Contents ;
---------------------
  1. Legal Notice
  2. Flow Summary
  3. Flow Settings
  4. Flow Non-Default Global Settings
  5. Flow Elapsed Time
  6. Flow OS Summary
  7. Flow Log
  8. Flow Messages
  9. Flow Suppressed Messages



----------------
; Legal Notice ;
----------------
Copyright (C) 2024  Intel Corporation. All rights reserved.
Your use of Intel Corporation's design tools, logic functions 
and other software and tools, and any partner logic 
functions, and any output files from any of the foregoing 
(including device programming or simulation files), and any 
associated documentation or information are expressly subject 
to the terms and conditions of the Intel Program License 
Subscription Agreement, the Intel Quartus Prime License Agreement,
the Intel FPGA IP License Agreement, or other applicable license
agreement, including, without limitation, that your use is for
the sole purpose of programming logic devices manufactured by
Intel and sold by Intel or its authorized distributors.  Please
refer to the applicable agreement for further details, at
https://fpgasoftware.intel.com/eula.



+-------------------------------------------------------------------------------------+
; Flow Summary                                                                        ;
+------------------------------------+------------------------------------------------+
; Flow Status                        ; Successful - Fri Nov 15 04:58:57 2024          ;
; Quartus Prime Version              ; 23.1std.1 Build 993 05/14/2024 SC Lite Edition ;
; Revision Name                      ; PWM_LED                                        ;
; Top-level Entity Name              ; PWM_LED_ENTITY                                 ;
; Family                             ; MAX 10                                         ;
; Device                             ; 10M50DAF484C7G                                 ;
; Timing Models                      ; Final                                          ;
; Total logic elements               ; 44 / 49,760 ( < 1 % )                          ;
;     Total combinational functions  ; 41 / 49,760 ( < 1 % )                          ;
;     Dedicated logic registers      ; 26 / 49,760 ( < 1 % )                          ;
; Total registers                    ; 26                                             ;
; Total pins                         ; 2 / 360 ( < 1 % )                              ;
; Total virtual pins                 ; 0                                              ;
; Total memory bits                  ; 0 / 1,677,312 ( 0 % )                          ;
; Embedded Multiplier 9-bit elements ; 0 / 288 ( 0 % )                                ;
; Total PLLs                         ; 0 / 4 ( 0 % )                                  ;
; UFM blocks                         ; 0 / 1 ( 0 % )                                  ;
; ADC blocks                         ; 0 / 2 ( 0 % )                                  ;
+------------------------------------+------------------------------------------------+


+-----------------------------------------+
; Flow Settings                           ;
+-------------------+---------------------+
; Option            ; Setting             ;
+-------------------+---------------------+
; Start date & time ; 11/15/2024 04:58:40 ;
; Main task         ; Compilation         ;
; Revision Name     ; PWM_LED             ;
+-------------------+---------------------+


+---------------------------------------------------------------------------------------------------------------------------------------------------+
; Flow Non-Default Global Settings                                                                                                                  ;
+-------------------------------------+----------------------------------------+---------------+----------------+-----------------------------------+
; Assignment Name                     ; Value                                  ; Default Value ; Entity Name    ; Section Id                        ;
+-------------------------------------+----------------------------------------+---------------+----------------+-----------------------------------+
; COMPILER_SIGNATURE_ID               ; 1098407262428.173163952038748          ; --            ; --             ; --                                ;
; EDA_GENERATE_FUNCTIONAL_NETLIST     ; Off                                    ; --            ; --             ; eda_board_design_timing           ;
; EDA_GENERATE_FUNCTIONAL_NETLIST     ; Off                                    ; --            ; --             ; eda_board_design_boundary_scan    ;
; EDA_GENERATE_FUNCTIONAL_NETLIST     ; Off                                    ; --            ; --             ; eda_board_design_signal_integrity ;
; EDA_GENERATE_FUNCTIONAL_NETLIST     ; Off                                    ; --            ; --             ; eda_board_design_symbol           ;
; EDA_OUTPUT_DATA_FORMAT              ; Verilog Hdl                            ; --            ; --             ; eda_simulation                    ;
; EDA_SIMULATION_TOOL                 ; Questa Intel FPGA (Verilog)            ; <None>        ; --             ; --                                ;
; EDA_TIME_SCALE                      ; 1 ps                                   ; --            ; --             ; eda_simulation                    ;
; MAX_CORE_JUNCTION_TEMP              ; 85                                     ; --            ; --             ; --                                ;
; MIN_CORE_JUNCTION_TEMP              ; 0                                      ; --            ; --             ; --                                ;
; PARTITION_COLOR                     ; -- (Not supported for targeted family) ; --            ; PWM_LED_ENTITY ; Top                               ;
; PARTITION_FITTER_PRESERVATION_LEVEL ; -- (Not supported for targeted family) ; --            ; PWM_LED_ENTITY ; Top                               ;
; PARTITION_NETLIST_TYPE              ; -- (Not supported for targeted family) ; --            ; PWM_LED_ENTITY ; Top                               ;
; POWER_BOARD_THERMAL_MODEL           ; None (CONSERVATIVE)                    ; --            ; --             ; --                                ;
; POWER_PRESET_COOLING_SOLUTION       ; 23 MM HEAT SINK WITH 200 LFPM AIRFLOW  ; --            ; --             ; --                                ;
; PROJECT_OUTPUT_DIRECTORY            ; output_files                           ; --            ; --             ; --                                ;
; TOP_LEVEL_ENTITY                    ; PWM_LED_ENTITY                         ; PWM_LED       ; --             ; --                                ;
+-------------------------------------+----------------------------------------+---------------+----------------+-----------------------------------+


+--------------------------------------------------------------------------------------------------------------------------+
; Flow Elapsed Time                                                                                                        ;
+----------------------+--------------+-------------------------+---------------------+------------------------------------+
; Module Name          ; Elapsed Time ; Average Processors Used ; Peak Virtual Memory ; Total CPU Time (on all processors) ;
+----------------------+--------------+-------------------------+---------------------+------------------------------------+
; Analysis & Synthesis ; 00:00:06     ; 1.0                     ; 4877 MB             ; 00:00:03                           ;
; Fitter               ; 00:00:05     ; 1.1                     ; 6605 MB             ; 00:00:03                           ;
; Assembler            ; 00:00:01     ; 1.0                     ; 4733 MB             ; 00:00:00                           ;
; Timing Analyzer      ; 00:00:01     ; 1.1                     ; 4922 MB             ; 00:00:00                           ;
; EDA Netlist Writer   ; 00:00:00     ; 1.0                     ; 4649 MB             ; 00:00:00                           ;
; Total                ; 00:00:13     ; --                      ; --                  ; 00:00:06                           ;
+----------------------+--------------+-------------------------+---------------------+------------------------------------+


+------------------------------------------------------------------------------------+
; Flow OS Summary                                                                    ;
+----------------------+------------------+------------+------------+----------------+
; Module Name          ; Machine Hostname ; OS Name    ; OS Version ; Processor type ;
+----------------------+------------------+------------+------------+----------------+
; Analysis & Synthesis ; FEDIRSZEPHYR     ; Windows 10 ; 10.0       ; x86_64         ;
; Fitter               ; FEDIRSZEPHYR     ; Windows 10 ; 10.0       ; x86_64         ;
; Assembler            ; FEDIRSZEPHYR     ; Windows 10 ; 10.0       ; x86_64         ;
; Timing Analyzer      ; FEDIRSZEPHYR     ; Windows 10 ; 10.0       ; x86_64         ;
; EDA Netlist Writer   ; FEDIRSZEPHYR     ; Windows 10 ; 10.0       ; x86_64         ;
+----------------------+------------------+------------+------------+----------------+


------------
; Flow Log ;
------------
quartus_map --read_settings_files=on --write_settings_files=off PWM_LED -c PWM_LED
quartus_fit --read_settings_files=off --write_settings_files=off PWM_LED -c PWM_LED
quartus_asm --read_settings_files=off --write_settings_files=off PWM_LED -c PWM_LED
quartus_sta PWM_LED -c PWM_LED
quartus_eda --read_settings_files=off --write_settings_files=off PWM_LED -c PWM_LED



